00:07:20,699 ERROR main smallc:main:38 - java.io.FileNotFoundException: \home\vasl\log\program.c-- (Нет такого файла или каталога)
16:19:54,094 ERROR main :main:37 - java.util.regex.PatternSyntaxException: Dangling meta character '+' near index 3
^=|+|-|<$
   ^
16:23:01,358 ERROR main :main:37 - java.util.regex.PatternSyntaxException: Illegal repetition near index 0
^{|}|(|)$
^
00:02:11,147 ERROR main :main:73 - java.util.MissingFormatWidthException: %-01$s
00:11:25,556 ERROR main :main:73 - java.util.UnknownFormatConversionException: Conversion = '
'
00:16:35,152 ERROR main :main:73 - java.util.UnknownFormatConversionException: Conversion = '
'
21:21:33,264 ERROR main :main:71 - java.lang.RuntimeException: Uncompilable source code - Erroneous tree type: <any>
21:25:40,871 ERROR main :main:71 - java.lang.RuntimeException: Uncompilable source code - Erroneous tree type: <any>
21:54:50,188 ERROR main :main:73 - java.lang.NullPointerException
22:18:21,249 ERROR main :main:73 - java.util.EmptyStackException
22:20:31,910 ERROR main :main:73 - java.util.EmptyStackException
22:23:24,605 ERROR main :main:73 - java.util.EmptyStackException
22:25:21,150 ERROR main :main:73 - java.util.EmptyStackException
22:44:18,046 ERROR main :main:73 - java.util.EmptyStackException
22:48:43,040 ERROR main :main:73 - java.util.EmptyStackException
22:49:47,934 ERROR main :main:73 - java.util.EmptyStackException
22:52:44,801 ERROR main :main:73 - java.util.EmptyStackException
22:09:18,578 ERROR main :main:73 - java.lang.RuntimeException: Uncompilable source code - Erroneous tree type: <any>
14:12:36,935 ERROR main :main:44 - java.lang.NullPointerException
14:16:43,207 ERROR main :main:44 - java.lang.RuntimeException: Uncompilable source code - illegal start of expression
14:17:53,056 ERROR main :main:44 - java.lang.RuntimeException: Uncompilable source code - illegal start of expression
